[debug] [2021-09-14T08:32:25.698Z] ----------------------------------------------------------------------
[debug] [2021-09-14T08:32:25.701Z] Command:       C:\Program Files\nodejs\node.exe C:\Users\home\AppData\Roaming\npm\node_modules\firebase-tools\lib\bin\firebase.js init
[debug] [2021-09-14T08:32:25.701Z] CLI Version:   9.18.0
[debug] [2021-09-14T08:32:25.702Z] Platform:      win32
[debug] [2021-09-14T08:32:25.702Z] Node Version:  v12.16.2
[debug] [2021-09-14T08:32:25.703Z] Time:          Tue Sep 14 2021 14:02:25 GMT+0530 (India Standard Time)
[debug] [2021-09-14T08:32:25.704Z] ----------------------------------------------------------------------
[debug] 
[debug] [2021-09-14T08:32:25.775Z] > command requires scopes: ["email","openid","https://www.googleapis.com/auth/cloudplatformprojects.readonly","https://www.googleapis.com/auth/firebase","https://www.googleapis.com/auth/cloud-platform"]
[debug] [2021-09-14T08:32:25.776Z] > authorizing via signed-in user (sravaniyedavelli1996@gmail.com)
[info] 
     ######## #### ########  ######## ########     ###     ######  ########
     ##        ##  ##     ## ##       ##     ##  ##   ##  ##       ##
     ######    ##  ########  ######   ########  #########  ######  ######
     ##        ##  ##    ##  ##       ##     ## ##     ##       ## ##
     ##       #### ##     ## ######## ########  ##     ##  ######  ########

You're about to initialize a Firebase project in this directory:

  E:\angular\shop

Before we get started, keep in mind:

  * You are initializing within an existing Firebase project directory

[info] 
=== Project Setup
[info] 
[info] First, let's associate this project directory with a Firebase project.
[info] You can create multiple project aliases by running firebase use --add, 
[info] but for now we'll just set up a default project.
[info] 
[info] i  .firebaserc already has a default project, using eshop-fc6a3. 
[debug] [2021-09-14T08:32:36.009Z] >>> [apiv2][query] GET https://firebase.googleapis.com/v1beta1/projects/eshop-fc6a3 [none]
[debug] [2021-09-14T08:32:36.517Z] <<< [apiv2][status] GET https://firebase.googleapis.com/v1beta1/projects/eshop-fc6a3 403
[debug] [2021-09-14T08:32:36.518Z] <<< [apiv2][body] GET https://firebase.googleapis.com/v1beta1/projects/eshop-fc6a3 {"error":{"code":403,"message":"The caller does not have permission","status":"PERMISSION_DENIED"}}
[debug] [2021-09-14T08:32:36.520Z] HTTP Error: 403, The caller does not have permission
[debug] [2021-09-14T08:32:36.663Z] FirebaseError: HTTP Error: 403, The caller does not have permission
    at module.exports (C:\Users\home\AppData\Roaming\npm\node_modules\firebase-tools\lib\responseToError.js:38:12)
    at Client.doRequest (C:\Users\home\AppData\Roaming\npm\node_modules\firebase-tools\lib\apiv2.js:238:23)
    at processTicksAndRejections (internal/process/task_queues.js:97:5)
    at async Client.request (C:\Users\home\AppData\Roaming\npm\node_modules\firebase-tools\lib\apiv2.js:96:20)
    at async Object.getFirebaseProject (C:\Users\home\AppData\Roaming\npm\node_modules\firebase-tools\lib\management\projects.js:290:21)
    at async Object.doSetup [as project] (C:\Users\home\AppData\Roaming\npm\node_modules\firebase-tools\lib\init\features\project.js:77:27)
    at async init (C:\Users\home\AppData\Roaming\npm\node_modules\firebase-tools\lib\init\index.js:19:9)
[error] 
[error] Error: Failed to get Firebase project eshop-fc6a3. Please make sure the project exists and your account has permission to access it.
